<?xml version="1.0" encoding="UTF-8"?>
<testsuite name="com.revature.utils.EncryptionTest" tests="2" skipped="0" failures="0" errors="0" timestamp="2022-02-19T21:00:49" hostname="GIGATRON" time="0.023">
  <properties/>
  <testcase name="TestPasswordTrue()" classname="com.revature.utils.EncryptionTest" time="0.021"/>
  <testcase name="TestPasswordFalse()" classname="com.revature.utils.EncryptionTest" time="0.001"/>
  <system-out><![CDATA[]]></system-out>
  <system-err><![CDATA[]]></system-err>
</testsuite>
