<?xml version="1.0" encoding="UTF-8"?>
<testsuite name="com.revature.utils.EncryptionTest" tests="2" skipped="0" failures="0" errors="0" timestamp="2022-02-14T17:03:21" hostname="GIGATRON" time="0.025">
  <properties/>
  <testcase name="TestPasswordTrue()" classname="com.revature.utils.EncryptionTest" time="0.022"/>
  <testcase name="TestPasswordFalse()" classname="com.revature.utils.EncryptionTest" time="0.002"/>
  <system-out><![CDATA[]]></system-out>
  <system-err><![CDATA[]]></system-err>
</testsuite>
